# JRE version: Java(TM) SE Runtime Environment (21.0.2+13) (build 21.0.2+13-LTS-58)
# Java VM: Java HotSpot(TM) 64-Bit Server VM (21.0.2+13-LTS-58, mixed mode, sharing, tiered, compressed oops, compressed class ptrs, g1 gc, windows-amd64)
GC Precious Log:
 CardTable entry size: 512
 Card Set container configuration: InlinePtr #cards 5 size 8 Array Of Cards #cards 12 size 40 Howl #buckets 4 coarsen threshold 1843 Howl Bitmap #cards 512 size 80 coarsen threshold 460 Card regions per heap region 1 cards per card region 2048
 CPUs: 4 total, 4 available
 Memory: 3879M
 Large Page Support: Disabled
 NUMA Support: Disabled
 Compressed Oops: Enabled (32-bit)
 Heap Region Size: 1M
 Heap Min Capacity: 8M
 Heap Initial Capacity: 62M
 Heap Max Capacity: 970M
 Pre-touch: Disabled
 Parallel Workers: 4
 Concurrent Workers: 1
 Concurrent Refinement Workers: 4
 Periodic GC: Disabled
Heap:
 garbage-first heap   total 61440K, used 42771K [0x00000000c3600000, 0x0000000100000000)
  region size 1024K, 10 young (10240K), 2 survivors (2048K)
 Metaspace       used 80052K, committed 80960K, reserved 1179648K
  class space    used 10774K, committed 11200K, reserved 1048576K
GC Heap History (20 events):
Event: 6.065 GC heap before
{Heap before GC invocations=9 (full 0):
 garbage-first heap   total 51200K, used 41952K [0x00000000c3600000, 0x0000000100000000)
  region size 1024K, 26 young (26624K), 4 survivors (4096K)
 Metaspace       used 35640K, committed 36160K, reserved 1114112K
  class space    used 4554K, committed 4736K, reserved 1048576K
}
Event: 6.074 GC heap after
{Heap after GC invocations=10 (full 0):
 garbage-first heap   total 51200K, used 22204K [0x00000000c3600000, 0x0000000100000000)
  region size 1024K, 2 young (2048K), 2 survivors (2048K)
 Metaspace       used 35640K, committed 36160K, reserved 1114112K
  class space    used 4554K, committed 4736K, reserved 1048576K
}
Event: 9.907 GC heap before
{Heap before GC invocations=11 (full 0):
 garbage-first heap   total 51200K, used 43708K [0x00000000c3600000, 0x0000000100000000)
  region size 1024K, 23 young (23552K), 2 survivors (2048K)
 Metaspace       used 44456K, committed 45120K, reserved 1114112K
  class space    used 5578K, committed 5888K, reserved 1048576K
}
Event: 9.913 GC heap after
{Heap after GC invocations=12 (full 0):
 garbage-first heap   total 51200K, used 24024K [0x00000000c3600000, 0x0000000100000000)
  region size 1024K, 3 young (3072K), 3 survivors (3072K)
 Metaspace       used 44456K, committed 45120K, reserved 1114112K
  class space    used 5578K, committed 5888K, reserved 1048576K
}
Event: 10.317 GC heap before
{Heap before GC invocations=12 (full 0):
 garbage-first heap   total 51200K, used 43480K [0x00000000c3600000, 0x0000000100000000)
  region size 1024K, 22 young (22528K), 3 survivors (3072K)
 Metaspace       used 49191K, committed 49792K, reserved 1114112K
  class space    used 6247K, committed 6528K, reserved 1048576K
}
Event: 10.322 GC heap after
{Heap after GC invocations=13 (full 0):
 garbage-first heap   total 51200K, used 25311K [0x00000000c3600000, 0x0000000100000000)
  region size 1024K, 2 young (2048K), 2 survivors (2048K)
 Metaspace       used 49191K, committed 49792K, reserved 1114112K
  class space    used 6247K, committed 6528K, reserved 1048576K
}
Event: 10.634 GC heap before
{Heap before GC invocations=13 (full 0):
 garbage-first heap   total 51200K, used 43743K [0x00000000c3600000, 0x0000000100000000)
  region size 1024K, 21 young (21504K), 2 survivors (2048K)
 Metaspace       used 54137K, committed 54720K, reserved 1114112K
  class space    used 7037K, committed 7296K, reserved 1048576K
}
Event: 10.636 GC heap after
{Heap after GC invocations=14 (full 0):
 garbage-first heap   total 51200K, used 25949K [0x00000000c3600000, 0x0000000100000000)
  region size 1024K, 3 young (3072K), 3 survivors (3072K)
 Metaspace       used 54137K, committed 54720K, reserved 1114112K
  class space    used 7037K, committed 7296K, reserved 1048576K
}
Event: 10.988 GC heap before
{Heap before GC invocations=15 (full 0):
 garbage-first heap   total 51200K, used 44381K [0x00000000c3600000, 0x0000000100000000)
  region size 1024K, 21 young (21504K), 3 survivors (3072K)
 Metaspace       used 58608K, committed 59264K, reserved 1114112K
  class space    used 7583K, committed 7872K, reserved 1048576K
}
Event: 10.991 GC heap after
{Heap after GC invocations=16 (full 0):
 garbage-first heap   total 51200K, used 26918K [0x00000000c3600000, 0x0000000100000000)
  region size 1024K, 2 young (2048K), 2 survivors (2048K)
 Metaspace       used 58608K, committed 59264K, reserved 1114112K
  class space    used 7583K, committed 7872K, reserved 1048576K
}
Event: 11.799 GC heap before
{Heap before GC invocations=16 (full 0):
 garbage-first heap   total 51200K, used 45350K [0x00000000c3600000, 0x0000000100000000)
  region size 1024K, 20 young (20480K), 2 survivors (2048K)
 Metaspace       used 63759K, committed 64448K, reserved 1114112K
  class space    used 8478K, committed 8768K, reserved 1048576K
}
Event: 11.803 GC heap after
{Heap after GC invocations=17 (full 0):
 garbage-first heap   total 61440K, used 26970K [0x00000000c3600000, 0x0000000100000000)
  region size 1024K, 2 young (2048K), 2 survivors (2048K)
 Metaspace       used 63759K, committed 64448K, reserved 1114112K
  class space    used 8478K, committed 8768K, reserved 1048576K
}
Event: 12.343 GC heap before
{Heap before GC invocations=17 (full 0):
 garbage-first heap   total 61440K, used 53594K [0x00000000c3600000, 0x0000000100000000)
  region size 1024K, 29 young (29696K), 2 survivors (2048K)
 Metaspace       used 70322K, committed 70976K, reserved 1114112K
  class space    used 9386K, committed 9664K, reserved 1048576K
}
Event: 12.348 GC heap after
{Heap after GC invocations=18 (full 0):
 garbage-first heap   total 61440K, used 29242K [0x00000000c3600000, 0x0000000100000000)
  region size 1024K, 4 young (4096K), 4 survivors (4096K)
 Metaspace       used 70322K, committed 70976K, reserved 1114112K
  class space    used 9386K, committed 9664K, reserved 1048576K
}
Event: 12.738 GC heap before
{Heap before GC invocations=18 (full 0):
 garbage-first heap   total 61440K, used 52794K [0x00000000c3600000, 0x0000000100000000)
  region size 1024K, 28 young (28672K), 4 survivors (4096K)
 Metaspace       used 73489K, committed 74240K, reserved 1114112K
  class space    used 9831K, committed 10176K, reserved 1048576K
}
Event: 12.746 GC heap after
{Heap after GC invocations=19 (full 0):
 garbage-first heap   total 61440K, used 31556K [0x00000000c3600000, 0x0000000100000000)
  region size 1024K, 3 young (3072K), 3 survivors (3072K)
 Metaspace       used 73489K, committed 74240K, reserved 1114112K
  class space    used 9831K, committed 10176K, reserved 1048576K
}
Event: 13.228 GC heap before
{Heap before GC invocations=20 (full 0):
 garbage-first heap   total 61440K, used 53060K [0x00000000c3600000, 0x0000000100000000)
  region size 1024K, 25 young (25600K), 3 survivors (3072K)
 Metaspace       used 76330K, committed 77184K, reserved 1179648K
  class space    used 10294K, committed 10688K, reserved 1048576K
}
Event: 13.235 GC heap after
{Heap after GC invocations=21 (full 0):
 garbage-first heap   total 61440K, used 34238K [0x00000000c3600000, 0x0000000100000000)
  region size 1024K, 3 young (3072K), 3 survivors (3072K)
 Metaspace       used 76330K, committed 77184K, reserved 1179648K
  class space    used 10294K, committed 10688K, reserved 1048576K
}
Event: 126.684 GC heap before
{Heap before GC invocations=21 (full 0):
 garbage-first heap   total 61440K, used 53694K [0x00000000c3600000, 0x0000000100000000)
  region size 1024K, 23 young (23552K), 3 survivors (3072K)
 Metaspace       used 78758K, committed 79616K, reserved 1179648K
  class space    used 10614K, committed 11008K, reserved 1048576K
}
Event: 126.803 GC heap after
{Heap after GC invocations=22 (full 0):
 garbage-first heap   total 61440K, used 35603K [0x00000000c3600000, 0x0000000100000000)
  region size 1024K, 2 young (2048K), 2 survivors (2048K)
 Metaspace       used 78758K, committed 79616K, reserved 1179648K
  class space    used 10614K, committed 11008K, reserved 1048576K
}

