# JRE version: Java(TM) SE Runtime Environment (21.0.2+13) (build 21.0.2+13-LTS-58)
# Java VM: Java HotSpot(TM) 64-Bit Server VM (21.0.2+13-LTS-58, mixed mode, sharing, tiered, compressed oops, compressed class ptrs, g1 gc, windows-amd64)
GC Precious Log:
 CardTable entry size: 512
 Card Set container configuration: InlinePtr #cards 5 size 8 Array Of Cards #cards 12 size 40 Howl #buckets 4 coarsen threshold 1843 Howl Bitmap #cards 512 size 80 coarsen threshold 460 Card regions per heap region 1 cards per card region 2048
 CPUs: 4 total, 4 available
 Memory: 3879M
 Large Page Support: Disabled
 NUMA Support: Disabled
 Compressed Oops: Enabled (32-bit)
 Heap Region Size: 1M
 Heap Min Capacity: 8M
 Heap Initial Capacity: 62M
 Heap Max Capacity: 970M
 Pre-touch: Disabled
 Parallel Workers: 4
 Concurrent Workers: 1
 Concurrent Refinement Workers: 4
 Periodic GC: Disabled
Heap:
 garbage-first heap   total 55296K, used 30578K [0x00000000c3600000, 0x0000000100000000)
  region size 1024K, 4 young (4096K), 3 survivors (3072K)
 Metaspace       used 72225K, committed 72960K, reserved 1114112K
  class space    used 9545K, committed 9856K, reserved 1048576K
GC Heap History (20 events):
Event: 17.848 GC heap before
{Heap before GC invocations=8 (full 0):
 garbage-first heap   total 55296K, used 45925K [0x00000000c3600000, 0x0000000100000000)
  region size 1024K, 29 young (29696K), 2 survivors (2048K)
 Metaspace       used 33038K, committed 33536K, reserved 1114112K
  class space    used 4144K, committed 4352K, reserved 1048576K
}
Event: 17.854 GC heap after
{Heap after GC invocations=9 (full 0):
 garbage-first heap   total 55296K, used 21178K [0x00000000c3600000, 0x0000000100000000)
  region size 1024K, 4 young (4096K), 4 survivors (4096K)
 Metaspace       used 33038K, committed 33536K, reserved 1114112K
  class space    used 4144K, committed 4352K, reserved 1048576K
}
Event: 19.145 GC heap before
{Heap before GC invocations=9 (full 0):
 garbage-first heap   total 55296K, used 40634K [0x00000000c3600000, 0x0000000100000000)
  region size 1024K, 24 young (24576K), 4 survivors (4096K)
 Metaspace       used 35606K, committed 36096K, reserved 1114112K
  class space    used 4477K, committed 4672K, reserved 1048576K
}
Event: 19.153 GC heap after
{Heap after GC invocations=10 (full 0):
 garbage-first heap   total 55296K, used 22781K [0x00000000c3600000, 0x0000000100000000)
  region size 1024K, 2 young (2048K), 2 survivors (2048K)
 Metaspace       used 35606K, committed 36096K, reserved 1114112K
  class space    used 4477K, committed 4672K, reserved 1048576K
}
Event: 21.824 GC heap before
{Heap before GC invocations=11 (full 0):
 garbage-first heap   total 55296K, used 47357K [0x00000000c3600000, 0x0000000100000000)
  region size 1024K, 26 young (26624K), 2 survivors (2048K)
 Metaspace       used 44440K, committed 44992K, reserved 1114112K
  class space    used 5474K, committed 5696K, reserved 1048576K
}
Event: 21.829 GC heap after
{Heap after GC invocations=12 (full 0):
 garbage-first heap   total 55296K, used 24884K [0x00000000c3600000, 0x0000000100000000)
  region size 1024K, 4 young (4096K), 4 survivors (4096K)
 Metaspace       used 44440K, committed 44992K, reserved 1114112K
  class space    used 5474K, committed 5696K, reserved 1048576K
}
Event: 23.684 GC heap before
{Heap before GC invocations=12 (full 0):
 garbage-first heap   total 55296K, used 46388K [0x00000000c3600000, 0x0000000100000000)
  region size 1024K, 25 young (25600K), 4 survivors (4096K)
 Metaspace       used 48604K, committed 49216K, reserved 1114112K
  class space    used 6051K, committed 6336K, reserved 1048576K
}
Event: 23.689 GC heap after
{Heap after GC invocations=13 (full 0):
 garbage-first heap   total 55296K, used 25876K [0x00000000c3600000, 0x0000000100000000)
  region size 1024K, 2 young (2048K), 2 survivors (2048K)
 Metaspace       used 48604K, committed 49216K, reserved 1114112K
  class space    used 6051K, committed 6336K, reserved 1048576K
}
Event: 26.943 GC heap before
{Heap before GC invocations=13 (full 0):
 garbage-first heap   total 55296K, used 48404K [0x00000000c3600000, 0x0000000100000000)
  region size 1024K, 24 young (24576K), 2 survivors (2048K)
 Metaspace       used 53356K, committed 54016K, reserved 1114112K
  class space    used 6831K, committed 7104K, reserved 1048576K
}
Event: 26.952 GC heap after
{Heap after GC invocations=14 (full 0):
 garbage-first heap   total 55296K, used 26646K [0x00000000c3600000, 0x0000000100000000)
  region size 1024K, 3 young (3072K), 3 survivors (3072K)
 Metaspace       used 53356K, committed 54016K, reserved 1114112K
  class space    used 6831K, committed 7104K, reserved 1048576K
}
Event: 28.952 GC heap before
{Heap before GC invocations=14 (full 0):
 garbage-first heap   total 55296K, used 46102K [0x00000000c3600000, 0x0000000100000000)
  region size 1024K, 23 young (23552K), 3 survivors (3072K)
 Metaspace       used 57564K, committed 58240K, reserved 1114112K
  class space    used 7351K, committed 7680K, reserved 1048576K
}
Event: 28.960 GC heap after
{Heap after GC invocations=15 (full 0):
 garbage-first heap   total 55296K, used 27416K [0x00000000c3600000, 0x0000000100000000)
  region size 1024K, 2 young (2048K), 2 survivors (2048K)
 Metaspace       used 57564K, committed 58240K, reserved 1114112K
  class space    used 7351K, committed 7680K, reserved 1048576K
}
Event: 30.198 GC heap before
{Heap before GC invocations=15 (full 0):
 garbage-first heap   total 55296K, used 35608K [0x00000000c3600000, 0x0000000100000000)
  region size 1024K, 12 young (12288K), 2 survivors (2048K)
 Metaspace       used 59996K, committed 60608K, reserved 1114112K
  class space    used 7614K, committed 7936K, reserved 1048576K
}
Event: 30.209 GC heap after
{Heap after GC invocations=16 (full 0):
 garbage-first heap   total 55296K, used 28024K [0x00000000c3600000, 0x0000000100000000)
  region size 1024K, 2 young (2048K), 2 survivors (2048K)
 Metaspace       used 59996K, committed 60608K, reserved 1114112K
  class space    used 7614K, committed 7936K, reserved 1048576K
}
Event: 33.147 GC heap before
{Heap before GC invocations=17 (full 0):
 garbage-first heap   total 55296K, used 48504K [0x00000000c3600000, 0x0000000100000000)
  region size 1024K, 22 young (22528K), 2 survivors (2048K)
 Metaspace       used 64537K, committed 65216K, reserved 1114112K
  class space    used 8480K, committed 8768K, reserved 1048576K
}
Event: 33.167 GC heap after
{Heap after GC invocations=18 (full 0):
 garbage-first heap   total 55296K, used 28622K [0x00000000c3600000, 0x0000000100000000)
  region size 1024K, 2 young (2048K), 2 survivors (2048K)
 Metaspace       used 64537K, committed 65216K, reserved 1114112K
  class space    used 8480K, committed 8768K, reserved 1048576K
}
Event: 36.970 GC heap before
{Heap before GC invocations=18 (full 0):
 garbage-first heap   total 55296K, used 48078K [0x00000000c3600000, 0x0000000100000000)
  region size 1024K, 22 young (22528K), 2 survivors (2048K)
 Metaspace       used 69033K, committed 69696K, reserved 1114112K
  class space    used 9052K, committed 9344K, reserved 1048576K
}
Event: 37.000 GC heap after
{Heap after GC invocations=19 (full 0):
 garbage-first heap   total 55296K, used 29165K [0x00000000c3600000, 0x0000000100000000)
  region size 1024K, 3 young (3072K), 3 survivors (3072K)
 Metaspace       used 69033K, committed 69696K, reserved 1114112K
  class space    used 9052K, committed 9344K, reserved 1048576K
}
Event: 40.881 GC heap before
{Heap before GC invocations=19 (full 0):
 garbage-first heap   total 55296K, used 46573K [0x00000000c3600000, 0x0000000100000000)
  region size 1024K, 20 young (20480K), 3 survivors (3072K)
 Metaspace       used 72225K, committed 72960K, reserved 1114112K
  class space    used 9545K, committed 9856K, reserved 1048576K
}
Event: 40.892 GC heap after
{Heap after GC invocations=20 (full 0):
 garbage-first heap   total 55296K, used 30578K [0x00000000c3600000, 0x0000000100000000)
  region size 1024K, 3 young (3072K), 3 survivors (3072K)
 Metaspace       used 72225K, committed 72960K, reserved 1114112K
  class space    used 9545K, committed 9856K, reserved 1048576K
}

